<?xml version="1.0" encoding="UTF-8"?>
<testsuite name="models.DecryptTest" tests="2" skipped="0" failures="0" errors="0" timestamp="2021-09-30T07:36:26" hostname="moringa-HP-ProBook-430-G1" time="0.004">
  <properties/>
  <testcase name="decrypt_decryptCorrect_String" classname="models.DecryptTest" time="0.002"/>
  <testcase name="decrypt_instantiate_true" classname="models.DecryptTest" time="0.001"/>
  <system-out><![CDATA[]]></system-out>
  <system-err><![CDATA[]]></system-err>
</testsuite>
